<?xml version="1.0" encoding="UTF-8"?>
<robot generator="Robot 3.1.2 (Python 3.7.4 on darwin)" generated="20190719 13:00:26.633" rpa="false">
<suite id="s1" name="Teste Pokedex" source="/Users/luan.linares/Projetos/TesteAutoPokedexRobot/tests">
<suite id="s1-s1" name="Insere Pokemon" source="/Users/luan.linares/Projetos/TesteAutoPokedexRobot/tests/insere_pokemon.robot">
<test id="s1-s1-t1" name="Cenário: Inserir um novo Pokemon na pokedex">
<kw name="Abrir navegador" library="Resource" type="setup">
<kw name="Open Browser" library="SeleniumLibrary">
<doc>Opens a new browser instance to the given ``url``.</doc>
<arguments>
<arg>about:blank</arg>
<arg>${BROWSER}</arg>
</arguments>
<msg timestamp="20190719 13:00:26.936" level="INFO">Opening browser 'chrome' to base url 'about:blank'.</msg>
<status status="PASS" starttime="20190719 13:00:26.936" endtime="20190719 13:00:30.247"></status>
</kw>
<status status="PASS" starttime="20190719 13:00:26.935" endtime="20190719 13:00:30.248"></status>
</kw>
<kw name="Dado que estou na pagina da pokedex" library="Resource">
<kw name="Go To" library="SeleniumLibrary">
<doc>Navigates the active browser instance to the provided ``url``.</doc>
<arguments>
<arg>${URL}</arg>
</arguments>
<msg timestamp="20190719 13:00:30.249" level="INFO">Opening url 'http://pokedex-angular-example.herokuapp.com/#!/list'</msg>
<status status="PASS" starttime="20190719 13:00:30.249" endtime="20190719 13:00:40.773"></status>
</kw>
<status status="PASS" starttime="20190719 13:00:30.248" endtime="20190719 13:00:40.773"></status>
</kw>
<kw name="E clico para adicionar um novo Pokemon" library="Resource">
<kw name="Click Element" library="SeleniumLibrary">
<doc>Click element identified by ``locator``.</doc>
<arguments>
<arg>class="btn.sucess"</arg>
</arguments>
<msg timestamp="20190719 13:00:40.773" level="INFO">Clicking element 'class="btn.sucess"'.</msg>
<kw name="Capture Page Screenshot" library="SeleniumLibrary">
<doc>Takes screenshot of the current page and embeds it into log file.</doc>
<msg timestamp="20190719 13:00:41.143" level="INFO" html="yes">&lt;/td&gt;&lt;/tr&gt;&lt;tr&gt;&lt;td colspan="3"&gt;&lt;a href="selenium-screenshot-8.png"&gt;&lt;img src="selenium-screenshot-8.png" width="800px"&gt;&lt;/a&gt;</msg>
<status status="PASS" starttime="20190719 13:00:40.787" endtime="20190719 13:00:41.144"></status>
</kw>
<msg timestamp="20190719 13:00:41.149" level="FAIL">InvalidSelectorException: Message: invalid selector: An invalid or illegal class name was specified
  (Session info: chrome=75.0.3770.142)
  (Driver info: chromedriver=74.0.3729.6 (255758eccf3d244491b8a1317aa76e1ce10d57e9-refs/branch-heads/3729@{#29}),platform=Mac OS X 10.14.5 x86_64)
</msg>
<status status="FAIL" starttime="20190719 13:00:40.773" endtime="20190719 13:00:41.150"></status>
</kw>
<status status="FAIL" starttime="20190719 13:00:40.773" endtime="20190719 13:00:41.150"></status>
</kw>
<kw name="Fechar navegador" library="Resource" type="teardown">
<kw name="Close Browser" library="SeleniumLibrary">
<doc>Closes the current browser.</doc>
<status status="PASS" starttime="20190719 13:00:41.151" endtime="20190719 13:00:41.272"></status>
</kw>
<status status="PASS" starttime="20190719 13:00:41.150" endtime="20190719 13:00:41.273"></status>
</kw>
<status status="FAIL" starttime="20190719 13:00:26.935" endtime="20190719 13:00:41.273" critical="yes">InvalidSelectorException: Message: invalid selector: An invalid or illegal class name was specified
  (Session info: chrome=75.0.3770.142)
  (Driver info: chromedriver=74.0.3729.6 (255758eccf3d244491b8a1317aa76e1ce10d57e9-refs/branch-heads/3729@{#29}),platform=Mac OS X 10.14.5 x86_64)
</status>
</test>
<status status="FAIL" starttime="20190719 13:00:26.660" endtime="20190719 13:00:41.274"></status>
</suite>
<status status="FAIL" starttime="20190719 13:00:26.634" endtime="20190719 13:00:41.275"></status>
</suite>
<statistics>
<total>
<stat pass="0" fail="1">Critical Tests</stat>
<stat pass="0" fail="1">All Tests</stat>
</total>
<tag>
</tag>
<suite>
<stat pass="0" fail="1" id="s1" name="Teste Pokedex">Teste Pokedex</stat>
<stat pass="0" fail="1" id="s1-s1" name="Insere Pokemon">Teste Pokedex.Insere Pokemon</stat>
</suite>
</statistics>
<errors>
</errors>
</robot>
